<?xml version="1.0" encoding="UTF-8"?>
<!-- Generated by org.testng.reporters.JUnitXMLReporter -->
<testsuite hostname="USER-20160709XI" name="Default test" tests="6" failures="0" timestamp="27 Aug 2016 05:58:29 GMT" time="119.682" errors="0">
  <testcase name="openHomePage" time="3.825" classname="com.tfs.SendEmail"/>
  <testcase name="openLoginPage" time="1.251" classname="com.tfs.SendEmail"/>
  <testcase name="authentication" time="0.681" classname="com.tfs.SendEmail"/>
  <testcase name="writeEmailPage" time="0.14" classname="com.tfs.SendEmail"/>
  <testcase name="writeEmail" time="79.945" classname="com.tfs.SendEmail"/>
  <testcase name="sendConfirm" time="3.195" classname="com.tfs.SendEmail"/>
</testsuite> <!-- Default test -->
